10:37:29.997 [main] DEBUG org.apache.poi.openxml4j.opc.PackageRelationshipCollection - Parsing relationship: /xl/_rels/workbook.xml.rels
10:37:30.037 [main] DEBUG org.apache.poi.openxml4j.opc.PackageRelationshipCollection - Parsing relationship: /xl/worksheets/_rels/sheet1.xml.rels
10:37:30.039 [main] DEBUG org.apache.poi.openxml4j.opc.PackageRelationshipCollection - Parsing relationship: /_rels/.rels
10:37:30.122 [main] DEBUG org.apache.poi.openxml4j.opc.PackageRelationshipCollection - Parsing relationship: /xl/_rels/workbook.xml.rels
10:37:30.125 [main] DEBUG org.apache.poi.openxml4j.opc.PackageRelationshipCollection - Parsing relationship: /xl/worksheets/_rels/sheet1.xml.rels
10:37:30.127 [main] DEBUG org.apache.poi.openxml4j.opc.PackageRelationshipCollection - Parsing relationship: /_rels/.rels
10:37:30.201 [main] DEBUG org.apache.poi.openxml4j.opc.PackageRelationshipCollection - Parsing relationship: /xl/_rels/workbook.xml.rels
10:37:30.204 [main] DEBUG org.apache.poi.openxml4j.opc.PackageRelationshipCollection - Parsing relationship: /xl/worksheets/_rels/sheet1.xml.rels
10:37:30.207 [main] DEBUG org.apache.poi.openxml4j.opc.PackageRelationshipCollection - Parsing relationship: /_rels/.rels
10:37:30.256 [main] DEBUG org.apache.poi.openxml4j.opc.PackageRelationshipCollection - Parsing relationship: /xl/_rels/workbook.xml.rels
10:37:30.259 [main] DEBUG org.apache.poi.openxml4j.opc.PackageRelationshipCollection - Parsing relationship: /xl/worksheets/_rels/sheet1.xml.rels
10:37:30.261 [main] DEBUG org.apache.poi.openxml4j.opc.PackageRelationshipCollection - Parsing relationship: /_rels/.rels
10:37:30.322 [main] DEBUG org.apache.poi.openxml4j.opc.PackageRelationshipCollection - Parsing relationship: /xl/_rels/workbook.xml.rels
10:37:30.324 [main] DEBUG org.apache.poi.openxml4j.opc.PackageRelationshipCollection - Parsing relationship: /xl/worksheets/_rels/sheet1.xml.rels
10:37:30.326 [main] DEBUG org.apache.poi.openxml4j.opc.PackageRelationshipCollection - Parsing relationship: /_rels/.rels
10:37:30.386 [main] DEBUG org.apache.poi.openxml4j.opc.PackageRelationshipCollection - Parsing relationship: /xl/_rels/workbook.xml.rels
10:37:30.389 [main] DEBUG org.apache.poi.openxml4j.opc.PackageRelationshipCollection - Parsing relationship: /xl/worksheets/_rels/sheet1.xml.rels
10:37:30.393 [main] DEBUG org.apache.poi.openxml4j.opc.PackageRelationshipCollection - Parsing relationship: /_rels/.rels
10:37:30.477 [main] INFO  testCases.TC003_LoginDDT - ****** Starting TC003_loginDDT ******
10:37:33.647 [main] INFO  testCases.TC003_LoginDDT - ****** Finished TC003_loginDDT ******
10:37:33.652 [main] INFO  testCases.TC003_LoginDDT - ****** Starting TC003_loginDDT ******
10:37:36.111 [main] INFO  testCases.TC003_LoginDDT - ****** Finished TC003_loginDDT ******
10:37:36.119 [main] INFO  testCases.TC003_LoginDDT - ****** Starting TC003_loginDDT ******
10:37:38.720 [main] INFO  testCases.TC003_LoginDDT - ****** Finished TC003_loginDDT ******
10:37:38.728 [main] INFO  testCases.TC003_LoginDDT - ****** Starting TC003_loginDDT ******
10:37:50.617 [main] INFO  testCases.TC003_LoginDDT - ****** Finished TC003_loginDDT ******
10:37:50.623 [main] INFO  testCases.TC003_LoginDDT - ****** Starting TC003_loginDDT ******
10:37:53.348 [main] INFO  testCases.TC003_LoginDDT - ****** Finished TC003_loginDDT ******
11:03:35.045 [main] INFO  testCases.TC001_AccountRegistrationTest - ***** Starting TC001_AccountRegistrationTest *****
11:03:35.432 [main] INFO  testCases.TC001_AccountRegistrationTest - clicked on MyAccount Link
11:03:36.505 [main] INFO  testCases.TC001_AccountRegistrationTest - clicked on Register Link
11:03:36.519 [main] INFO  testCases.TC001_AccountRegistrationTest - providing customer details...
11:03:38.834 [main] INFO  testCases.TC001_AccountRegistrationTest - Validating expected message..
11:03:38.916 [main] INFO  testCases.TC001_AccountRegistrationTest - ***** Finished TC001_AccountRegistrationTest *****
11:03:42.892 [main] INFO  testCases.TC002_AccountLoginTest - ****** Starting TC002Account_login_test ******
11:05:18.697 [main] INFO  testCases.TC001_AccountRegistrationTest - ***** Starting TC001_AccountRegistrationTest *****
11:05:18.885 [main] INFO  testCases.TC001_AccountRegistrationTest - clicked on MyAccount Link
11:05:19.493 [main] INFO  testCases.TC001_AccountRegistrationTest - clicked on Register Link
11:05:19.498 [main] INFO  testCases.TC001_AccountRegistrationTest - providing customer details...
11:05:21.201 [main] INFO  testCases.TC001_AccountRegistrationTest - Validating expected message..
11:05:21.264 [main] INFO  testCases.TC001_AccountRegistrationTest - ***** Finished TC001_AccountRegistrationTest *****
11:05:24.579 [main] INFO  testCases.TC002_AccountLoginTest - ****** Starting TC002Account_login_test ******
11:06:24.687 [main] INFO  testCases.TC001_AccountRegistrationTest - ***** Starting TC001_AccountRegistrationTest *****
11:06:24.860 [main] INFO  testCases.TC001_AccountRegistrationTest - clicked on MyAccount Link
